Instances selected:
  [0] WIP-FMS_20.json

Total tasks to run : 10
Total tasks skipped: 20
Skipped existing runs:
  SKIP WIP-FMS_20 | EMTGLocalGAV2 | seed=1
  SKIP WIP-FMS_20 | EMTGLocalGAV2 | seed=2
  SKIP WIP-FMS_20 | EMTGLocalGAV2 | seed=3
  SKIP WIP-FMS_20 | EMTGLocalGAV2 | seed=4
  SKIP WIP-FMS_20 | EMTGLocalGAV2 | seed=5
  SKIP WIP-FMS_20 | EMTGLocalGAV2 | seed=6
  SKIP WIP-FMS_20 | EMTGLocalGAV2 | seed=7
  SKIP WIP-FMS_20 | EMTGLocalGAV2 | seed=8
  SKIP WIP-FMS_20 | EMTGLocalGAV2 | seed=9
  SKIP WIP-FMS_20 | EMTGLocalGAV2 | seed=10
  SKIP WIP-FMS_20 | NoGAT | seed=1
  SKIP WIP-FMS_20 | NoGAT | seed=2
  SKIP WIP-FMS_20 | NoGAT | seed=3
  SKIP WIP-FMS_20 | NoGAT | seed=4
  SKIP WIP-FMS_20 | NoGAT | seed=5
  SKIP WIP-FMS_20 | NoGAT | seed=6
  SKIP WIP-FMS_20 | NoGAT | seed=7
  SKIP WIP-FMS_20 | NoGAT | seed=8
  SKIP WIP-FMS_20 | NoGAT | seed=9
  SKIP WIP-FMS_20 | NoGAT | seed=10

Using 20 processes...

[RUN 1/10] instance=WIP-FMS_20  algo=NoLAT  seed=7  rep_makespan=369  rep_shortage=682.00  pareto_size=5  pareto_size_raw=5  dup=0  rank0=5  rank0_unique=5  evals=40000  time=13751.34s
[RUN 2/10] instance=WIP-FMS_20  algo=NoLAT  seed=6  rep_makespan=355  rep_shortage=662.00  pareto_size=8  pareto_size_raw=8  dup=0  rank0=8  rank0_unique=8  evals=40000  time=14269.75s
[RUN 3/10] instance=WIP-FMS_20  algo=NoLAT  seed=10  rep_makespan=352  rep_shortage=652.00  pareto_size=5  pareto_size_raw=5  dup=0  rank0=5  rank0_unique=5  evals=40000  time=14303.68s
[RUN 4/10] instance=WIP-FMS_20  algo=NoLAT  seed=2  rep_makespan=363  rep_shortage=650.00  pareto_size=6  pareto_size_raw=6  dup=0  rank0=6  rank0_unique=6  evals=40000  time=14459.57s
[RUN 5/10] instance=WIP-FMS_20  algo=NoLAT  seed=8  rep_makespan=380  rep_shortage=612.00  pareto_size=4  pareto_size_raw=4  dup=0  rank0=4  rank0_unique=4  evals=40000  time=14489.12s
[RUN 6/10] instance=WIP-FMS_20  algo=NoLAT  seed=5  rep_makespan=355  rep_shortage=666.00  pareto_size=4  pareto_size_raw=4  dup=0  rank0=4  rank0_unique=4  evals=40000  time=14729.65s
[RUN 7/10] instance=WIP-FMS_20  algo=NoLAT  seed=4  rep_makespan=355  rep_shortage=759.00  pareto_size=7  pareto_size_raw=7  dup=0  rank0=7  rank0_unique=7  evals=40000  time=14753.67s
[RUN 8/10] instance=WIP-FMS_20  algo=NoLAT  seed=1  rep_makespan=368  rep_shortage=786.00  pareto_size=4  pareto_size_raw=4  dup=0  rank0=4  rank0_unique=4  evals=40000  time=15213.51s
[RUN 9/10] instance=WIP-FMS_20  algo=NoLAT  seed=3  rep_makespan=363  rep_shortage=696.00  pareto_size=6  pareto_size_raw=6  dup=0  rank0=6  rank0_unique=6  evals=40000  time=15370.23s
[RUN 10/10] instance=WIP-FMS_20  algo=NoLAT  seed=9  rep_makespan=359  rep_shortage=637.00  pareto_size=2  pareto_size_raw=2  dup=0  rank0=2  rank0_unique=2  evals=40000  time=15932.92s

All pending run JSON files processed.
Manifest saved to:
experiments/results/runs/_run_manifest.json
