Instances selected:
  [0] WIP-FMS_17.json
  [1] WIP-FMS_18.json
  [2] WIP-FMS_19.json
  [3] WIP-FMS_20.json

Total tasks to run : 120
Total tasks skipped: 0

Using 20 processes...

[RUN 1/120] instance=WIP-FMS_17  algo=EMTGLocalGAV2  seed=7  rep_makespan=411  rep_shortage=629.00  pareto_size=4  pareto_size_raw=6  dup=2  rank0=6  rank0_unique=4  evals=40000  time=17422.43s
[RUN 2/120] instance=WIP-FMS_17  algo=NoGAT  seed=7  rep_makespan=410  rep_shortage=648.00  pareto_size=4  pareto_size_raw=4  dup=0  rank0=4  rank0_unique=4  evals=40000  time=17443.65s
[RUN 3/120] instance=WIP-FMS_17  algo=NoGAT  seed=10  rep_makespan=401  rep_shortage=555.00  pareto_size=2  pareto_size_raw=2  dup=0  rank0=2  rank0_unique=2  evals=40000  time=17925.33s
[RUN 4/120] instance=WIP-FMS_17  algo=NoGAT  seed=9  rep_makespan=413  rep_shortage=461.00  pareto_size=4  pareto_size_raw=4  dup=0  rank0=4  rank0_unique=4  evals=40000  time=18021.70s
[RUN 5/120] instance=WIP-FMS_17  algo=EMTGLocalGAV2  seed=5  rep_makespan=416  rep_shortage=846.00  pareto_size=5  pareto_size_raw=6  dup=1  rank0=6  rank0_unique=5  evals=40000  time=18301.48s
[RUN 6/120] instance=WIP-FMS_17  algo=EMTGLocalGAV2  seed=9  rep_makespan=413  rep_shortage=577.00  pareto_size=3  pareto_size_raw=4  dup=1  rank0=4  rank0_unique=3  evals=40000  time=18338.87s
[RUN 7/120] instance=WIP-FMS_17  algo=EMTGLocalGAV2  seed=2  rep_makespan=426  rep_shortage=506.00  pareto_size=7  pareto_size_raw=7  dup=0  rank0=7  rank0_unique=7  evals=40000  time=18360.16s
[RUN 8/120] instance=WIP-FMS_17  algo=EMTGLocalGAV2  seed=8  rep_makespan=414  rep_shortage=586.00  pareto_size=4  pareto_size_raw=4  dup=0  rank0=4  rank0_unique=4  evals=40000  time=18365.49s
[RUN 9/120] instance=WIP-FMS_17  algo=NoGAT  seed=6  rep_makespan=417  rep_shortage=579.00  pareto_size=7  pareto_size_raw=7  dup=0  rank0=7  rank0_unique=7  evals=40000  time=18419.92s
[RUN 10/120] instance=WIP-FMS_17  algo=EMTGLocalGAV2  seed=3  rep_makespan=425  rep_shortage=643.00  pareto_size=4  pareto_size_raw=5  dup=1  rank0=5  rank0_unique=4  evals=40000  time=18421.43s
[RUN 11/120] instance=WIP-FMS_17  algo=NoGAT  seed=2  rep_makespan=409  rep_shortage=701.00  pareto_size=8  pareto_size_raw=8  dup=0  rank0=8  rank0_unique=8  evals=40000  time=18612.65s
[RUN 12/120] instance=WIP-FMS_17  algo=NoGAT  seed=5  rep_makespan=400  rep_shortage=485.00  pareto_size=1  pareto_size_raw=1  dup=0  rank0=1  rank0_unique=1  evals=40000  time=18772.20s
[RUN 13/120] instance=WIP-FMS_17  algo=NoGAT  seed=8  rep_makespan=417  rep_shortage=602.00  pareto_size=7  pareto_size_raw=7  dup=0  rank0=7  rank0_unique=7  evals=40000  time=18771.76s
[RUN 14/120] instance=WIP-FMS_17  algo=EMTGLocalGAV2  seed=10  rep_makespan=416  rep_shortage=902.00  pareto_size=6  pareto_size_raw=6  dup=0  rank0=6  rank0_unique=6  evals=40000  time=19098.21s
[RUN 15/120] instance=WIP-FMS_17  algo=EMTGLocalGAV2  seed=4  rep_makespan=420  rep_shortage=651.00  pareto_size=4  pareto_size_raw=6  dup=2  rank0=6  rank0_unique=4  evals=40000  time=19131.04s
[RUN 16/120] instance=WIP-FMS_17  algo=NoGAT  seed=1  rep_makespan=407  rep_shortage=574.00  pareto_size=11  pareto_size_raw=11  dup=0  rank0=11  rank0_unique=11  evals=40000  time=19175.02s
[RUN 17/120] instance=WIP-FMS_17  algo=NoGAT  seed=3  rep_makespan=415  rep_shortage=501.00  pareto_size=5  pareto_size_raw=5  dup=0  rank0=5  rank0_unique=5  evals=40000  time=19478.73s
[RUN 18/120] instance=WIP-FMS_17  algo=EMTGLocalGAV2  seed=1  rep_makespan=409  rep_shortage=537.00  pareto_size=2  pareto_size_raw=3  dup=1  rank0=3  rank0_unique=2  evals=40000  time=20376.05s
[RUN 19/120] instance=WIP-FMS_17  algo=EMTGLocalGAV2  seed=6  rep_makespan=412  rep_shortage=644.00  pareto_size=3  pareto_size_raw=4  dup=1  rank0=4  rank0_unique=3  evals=40000  time=20497.63s
[RUN 20/120] instance=WIP-FMS_17  algo=NoGAT  seed=4  rep_makespan=422  rep_shortage=554.00  pareto_size=8  pareto_size_raw=8  dup=0  rank0=8  rank0_unique=8  evals=40000  time=20634.27s
[RUN 21/120] instance=WIP-FMS_17  algo=NoLAT  seed=2  rep_makespan=421  rep_shortage=707.00  pareto_size=4  pareto_size_raw=4  dup=0  rank0=4  rank0_unique=4  evals=40000  time=17558.80s
[RUN 22/120] instance=WIP-FMS_17  algo=NoLAT  seed=1  rep_makespan=409  rep_shortage=903.00  pareto_size=6  pareto_size_raw=6  dup=0  rank0=6  rank0_unique=6  evals=40000  time=17849.63s
[RUN 23/120] instance=WIP-FMS_17  algo=NoLAT  seed=4  rep_makespan=412  rep_shortage=729.00  pareto_size=3  pareto_size_raw=3  dup=0  rank0=3  rank0_unique=3  evals=40000  time=17364.42s
[RUN 24/120] instance=WIP-FMS_17  algo=NoLAT  seed=5  rep_makespan=418  rep_shortage=804.00  pareto_size=4  pareto_size_raw=4  dup=0  rank0=4  rank0_unique=4  evals=40000  time=17232.21s
[RUN 25/120] instance=WIP-FMS_17  algo=NoLAT  seed=3  rep_makespan=418  rep_shortage=887.00  pareto_size=3  pareto_size_raw=3  dup=0  rank0=3  rank0_unique=3  evals=40000  time=17664.75s
[RUN 26/120] instance=WIP-FMS_17  algo=NoLAT  seed=8  rep_makespan=407  rep_shortage=839.00  pareto_size=7  pareto_size_raw=7  dup=0  rank0=7  rank0_unique=7  evals=40000  time=17538.77s
[RUN 27/120] instance=WIP-FMS_17  algo=NoLAT  seed=9  rep_makespan=414  rep_shortage=913.00  pareto_size=7  pareto_size_raw=7  dup=0  rank0=7  rank0_unique=7  evals=40000  time=17907.83s
[RUN 28/120] instance=WIP-FMS_17  algo=NoLAT  seed=10  rep_makespan=419  rep_shortage=855.00  pareto_size=4  pareto_size_raw=4  dup=0  rank0=4  rank0_unique=4  evals=40000  time=18165.96s
[RUN 29/120] instance=WIP-FMS_17  algo=NoLAT  seed=6  rep_makespan=417  rep_shortage=898.00  pareto_size=6  pareto_size_raw=6  dup=0  rank0=6  rank0_unique=6  evals=40000  time=18596.93s
[RUN 30/120] instance=WIP-FMS_18  algo=EMTGLocalGAV2  seed=1  rep_makespan=480  rep_shortage=891.00  pareto_size=4  pareto_size_raw=5  dup=1  rank0=5  rank0_unique=4  evals=40000  time=18584.39s
[RUN 31/120] instance=WIP-FMS_18  algo=EMTGLocalGAV2  seed=7  rep_makespan=475  rep_shortage=887.00  pareto_size=7  pareto_size_raw=9  dup=2  rank0=9  rank0_unique=7  evals=40000  time=17899.04s
[RUN 32/120] instance=WIP-FMS_17  algo=NoLAT  seed=7  rep_makespan=438  rep_shortage=799.00  pareto_size=7  pareto_size_raw=7  dup=0  rank0=7  rank0_unique=7  evals=40000  time=19043.17s
[RUN 33/120] instance=WIP-FMS_18  algo=EMTGLocalGAV2  seed=5  rep_makespan=468  rep_shortage=826.00  pareto_size=4  pareto_size_raw=6  dup=2  rank0=6  rank0_unique=4  evals=40000  time=18687.78s
[RUN 34/120] instance=WIP-FMS_18  algo=EMTGLocalGAV2  seed=2  rep_makespan=480  rep_shortage=829.00  pareto_size=4  pareto_size_raw=5  dup=1  rank0=5  rank0_unique=4  evals=40000  time=19115.26s
[RUN 35/120] instance=WIP-FMS_18  algo=EMTGLocalGAV2  seed=6  rep_makespan=475  rep_shortage=1036.00  pareto_size=6  pareto_size_raw=8  dup=2  rank0=8  rank0_unique=6  evals=40000  time=19220.92s
[RUN 36/120] instance=WIP-FMS_18  algo=EMTGLocalGAV2  seed=3  rep_makespan=480  rep_shortage=756.00  pareto_size=2  pareto_size_raw=2  dup=0  rank0=2  rank0_unique=2  evals=40000  time=20198.42s
[RUN 37/120] instance=WIP-FMS_18  algo=EMTGLocalGAV2  seed=4  rep_makespan=483  rep_shortage=802.00  pareto_size=6  pareto_size_raw=7  dup=1  rank0=7  rank0_unique=6  evals=40000  time=20784.59s
[RUN 38/120] instance=WIP-FMS_18  algo=EMTGLocalGAV2  seed=8  rep_makespan=484  rep_shortage=857.00  pareto_size=4  pareto_size_raw=5  dup=1  rank0=5  rank0_unique=4  evals=40000  time=19723.66s
[RUN 39/120] instance=WIP-FMS_18  algo=EMTGLocalGAV2  seed=9  rep_makespan=479  rep_shortage=856.00  pareto_size=7  pareto_size_raw=7  dup=0  rank0=7  rank0_unique=7  evals=40000  time=19857.57s
[RUN 40/120] instance=WIP-FMS_18  algo=EMTGLocalGAV2  seed=10  rep_makespan=480  rep_shortage=915.00  pareto_size=7  pareto_size_raw=7  dup=0  rank0=7  rank0_unique=7  evals=40000  time=19895.82s
[RUN 41/120] instance=WIP-FMS_18  algo=NoGAT  seed=3  rep_makespan=485  rep_shortage=813.00  pareto_size=3  pareto_size_raw=3  dup=0  rank0=3  rank0_unique=3  evals=40000  time=14049.91s
[RUN 42/120] instance=WIP-FMS_18  algo=NoGAT  seed=8  rep_makespan=466  rep_shortage=840.00  pareto_size=1  pareto_size_raw=1  dup=0  rank0=1  rank0_unique=1  evals=40000  time=12896.32s
[RUN 43/120] instance=WIP-FMS_18  algo=NoGAT  seed=1  rep_makespan=474  rep_shortage=730.00  pareto_size=4  pareto_size_raw=4  dup=0  rank0=4  rank0_unique=4  evals=40000  time=14939.92s
[RUN 44/120] instance=WIP-FMS_18  algo=NoGAT  seed=6  rep_makespan=467  rep_shortage=877.00  pareto_size=2  pareto_size_raw=2  dup=0  rank0=2  rank0_unique=2  evals=40000  time=14563.39s
[RUN 45/120] instance=WIP-FMS_18  algo=NoGAT  seed=9  rep_makespan=467  rep_shortage=692.00  pareto_size=2  pareto_size_raw=2  dup=0  rank0=2  rank0_unique=2  evals=40000  time=13564.73s
[RUN 46/120] instance=WIP-FMS_18  algo=NoLAT  seed=2  rep_makespan=492  rep_shortage=1160.00  pareto_size=7  pareto_size_raw=7  dup=0  rank0=7  rank0_unique=7  evals=40000  time=13100.60s
[RUN 47/120] instance=WIP-FMS_18  algo=NoGAT  seed=4  rep_makespan=465  rep_shortage=747.00  pareto_size=1  pareto_size_raw=1  dup=0  rank0=1  rank0_unique=1  evals=40000  time=15135.43s
[RUN 48/120] instance=WIP-FMS_18  algo=NoGAT  seed=5  rep_makespan=483  rep_shortage=944.00  pareto_size=6  pareto_size_raw=6  dup=0  rank0=6  rank0_unique=6  evals=40000  time=15126.77s
[RUN 49/120] instance=WIP-FMS_18  algo=NoGAT  seed=7  rep_makespan=474  rep_shortage=821.00  pareto_size=2  pareto_size_raw=2  dup=0  rank0=2  rank0_unique=2  evals=40000  time=14877.28s
[RUN 50/120] instance=WIP-FMS_18  algo=NoGAT  seed=2  rep_makespan=477  rep_shortage=787.00  pareto_size=4  pareto_size_raw=4  dup=0  rank0=4  rank0_unique=4  evals=40000  time=15973.26s
[RUN 51/120] instance=WIP-FMS_18  algo=NoLAT  seed=4  rep_makespan=483  rep_shortage=1260.00  pareto_size=5  pareto_size_raw=5  dup=0  rank0=5  rank0_unique=5  evals=40000  time=13393.66s
[RUN 52/120] instance=WIP-FMS_18  algo=NoGAT  seed=10  rep_makespan=470  rep_shortage=760.00  pareto_size=3  pareto_size_raw=3  dup=0  rank0=3  rank0_unique=3  evals=40000  time=14204.91s
[RUN 53/120] instance=WIP-FMS_18  algo=NoLAT  seed=5  rep_makespan=483  rep_shortage=1141.00  pareto_size=3  pareto_size_raw=3  dup=0  rank0=3  rank0_unique=3  evals=40000  time=13266.59s
[RUN 54/120] instance=WIP-FMS_18  algo=NoLAT  seed=1  rep_makespan=483  rep_shortage=1172.00  pareto_size=4  pareto_size_raw=4  dup=0  rank0=4  rank0_unique=4  evals=40000  time=14849.67s
[RUN 55/120] instance=WIP-FMS_18  algo=NoLAT  seed=6  rep_makespan=479  rep_shortage=1176.00  pareto_size=5  pareto_size_raw=5  dup=0  rank0=5  rank0_unique=5  evals=40000  time=13444.81s
[RUN 56/120] instance=WIP-FMS_18  algo=NoLAT  seed=7  rep_makespan=476  rep_shortage=1089.00  pareto_size=1  pareto_size_raw=1  dup=0  rank0=1  rank0_unique=1  evals=40000  time=13012.98s
[RUN 57/120] instance=WIP-FMS_18  algo=NoLAT  seed=8  rep_makespan=482  rep_shortage=1058.00  pareto_size=2  pareto_size_raw=2  dup=0  rank0=2  rank0_unique=2  evals=40000  time=12984.80s
[RUN 58/120] instance=WIP-FMS_18  algo=NoLAT  seed=3  rep_makespan=497  rep_shortage=1115.00  pareto_size=5  pareto_size_raw=5  dup=0  rank0=5  rank0_unique=5  evals=40000  time=15547.64s
[RUN 59/120] instance=WIP-FMS_18  algo=NoLAT  seed=10  rep_makespan=477  rep_shortage=1105.00  pareto_size=2  pareto_size_raw=2  dup=0  rank0=2  rank0_unique=2  evals=40000  time=12933.71s
[RUN 60/120] instance=WIP-FMS_18  algo=NoLAT  seed=9  rep_makespan=474  rep_shortage=1080.00  pareto_size=2  pareto_size_raw=2  dup=0  rank0=2  rank0_unique=2  evals=40000  time=14498.05s
[RUN 61/120] instance=WIP-FMS_19  algo=EMTGLocalGAV2  seed=2  rep_makespan=479  rep_shortage=826.00  pareto_size=3  pareto_size_raw=4  dup=1  rank0=4  rank0_unique=3  evals=40000  time=11275.84s
[RUN 62/120] instance=WIP-FMS_19  algo=EMTGLocalGAV2  seed=1  rep_makespan=472  rep_shortage=884.00  pareto_size=6  pareto_size_raw=7  dup=1  rank0=7  rank0_unique=6  evals=40000  time=11373.26s
[RUN 63/120] instance=WIP-FMS_19  algo=EMTGLocalGAV2  seed=3  rep_makespan=481  rep_shortage=813.00  pareto_size=7  pareto_size_raw=8  dup=1  rank0=8  rank0_unique=7  evals=40000  time=11467.58s
[RUN 64/120] instance=WIP-FMS_19  algo=EMTGLocalGAV2  seed=6  rep_makespan=473  rep_shortage=752.00  pareto_size=2  pareto_size_raw=3  dup=1  rank0=3  rank0_unique=2  evals=40000  time=11222.13s
[RUN 65/120] instance=WIP-FMS_19  algo=EMTGLocalGAV2  seed=5  rep_makespan=465  rep_shortage=856.00  pareto_size=5  pareto_size_raw=6  dup=1  rank0=6  rank0_unique=5  evals=40000  time=11343.55s
[RUN 66/120] instance=WIP-FMS_19  algo=EMTGLocalGAV2  seed=4  rep_makespan=468  rep_shortage=1080.00  pareto_size=4  pareto_size_raw=5  dup=1  rank0=5  rank0_unique=4  evals=40000  time=11491.62s
[RUN 67/120] instance=WIP-FMS_19  algo=EMTGLocalGAV2  seed=7  rep_makespan=464  rep_shortage=1165.00  pareto_size=4  pareto_size_raw=6  dup=2  rank0=6  rank0_unique=4  evals=40000  time=11360.52s
[RUN 68/120] instance=WIP-FMS_19  algo=EMTGLocalGAV2  seed=8  rep_makespan=465  rep_shortage=863.00  pareto_size=7  pareto_size_raw=8  dup=1  rank0=8  rank0_unique=7  evals=40000  time=11327.50s
[RUN 69/120] instance=WIP-FMS_19  algo=EMTGLocalGAV2  seed=10  rep_makespan=470  rep_shortage=1035.00  pareto_size=6  pareto_size_raw=7  dup=1  rank0=7  rank0_unique=6  evals=40000  time=11317.02s
[RUN 70/120] instance=WIP-FMS_19  algo=EMTGLocalGAV2  seed=9  rep_makespan=478  rep_shortage=717.00  pareto_size=3  pareto_size_raw=4  dup=1  rank0=4  rank0_unique=3  evals=40000  time=11422.01s
[RUN 71/120] instance=WIP-FMS_19  algo=NoGAT  seed=2  rep_makespan=476  rep_shortage=847.00  pareto_size=6  pareto_size_raw=6  dup=0  rank0=6  rank0_unique=6  evals=40000  time=11331.26s
[RUN 72/120] instance=WIP-FMS_19  algo=NoGAT  seed=1  rep_makespan=463  rep_shortage=684.00  pareto_size=2  pareto_size_raw=2  dup=0  rank0=2  rank0_unique=2  evals=40000  time=11459.83s
[RUN 73/120] instance=WIP-FMS_19  algo=NoGAT  seed=3  rep_makespan=472  rep_shortage=812.00  pareto_size=2  pareto_size_raw=2  dup=0  rank0=2  rank0_unique=2  evals=40000  time=11225.83s
[RUN 74/120] instance=WIP-FMS_19  algo=NoGAT  seed=4  rep_makespan=472  rep_shortage=881.00  pareto_size=7  pareto_size_raw=7  dup=0  rank0=7  rank0_unique=7  evals=40000  time=11261.36s
[RUN 75/120] instance=WIP-FMS_19  algo=NoGAT  seed=5  rep_makespan=472  rep_shortage=710.00  pareto_size=2  pareto_size_raw=2  dup=0  rank0=2  rank0_unique=2  evals=40000  time=11432.83s
[RUN 76/120] instance=WIP-FMS_19  algo=NoGAT  seed=6  rep_makespan=475  rep_shortage=945.00  pareto_size=6  pareto_size_raw=6  dup=0  rank0=6  rank0_unique=6  evals=40000  time=11300.51s
[RUN 77/120] instance=WIP-FMS_19  algo=NoGAT  seed=7  rep_makespan=466  rep_shortage=758.00  pareto_size=3  pareto_size_raw=3  dup=0  rank0=3  rank0_unique=3  evals=40000  time=11132.04s
[RUN 78/120] instance=WIP-FMS_19  algo=NoGAT  seed=8  rep_makespan=470  rep_shortage=829.00  pareto_size=2  pareto_size_raw=2  dup=0  rank0=2  rank0_unique=2  evals=40000  time=11194.81s
[RUN 79/120] instance=WIP-FMS_19  algo=NoGAT  seed=9  rep_makespan=479  rep_shortage=836.00  pareto_size=6  pareto_size_raw=6  dup=0  rank0=6  rank0_unique=6  evals=40000  time=11424.59s
[RUN 80/120] instance=WIP-FMS_19  algo=NoGAT  seed=10  rep_makespan=469  rep_shortage=705.00  pareto_size=1  pareto_size_raw=1  dup=0  rank0=1  rank0_unique=1  evals=40000  time=11458.00s
[RUN 81/120] instance=WIP-FMS_19  algo=NoLAT  seed=2  rep_makespan=475  rep_shortage=1182.00  pareto_size=3  pareto_size_raw=3  dup=0  rank0=3  rank0_unique=3  evals=40000  time=11224.21s
[RUN 82/120] instance=WIP-FMS_19  algo=NoLAT  seed=1  rep_makespan=492  rep_shortage=1139.00  pareto_size=7  pareto_size_raw=7  dup=0  rank0=7  rank0_unique=7  evals=40000  time=11533.98s
[RUN 83/120] instance=WIP-FMS_20  algo=EMTGLocalGAV2  seed=1  rep_makespan=360  rep_shortage=587.00  pareto_size=4  pareto_size_raw=6  dup=2  rank0=6  rank0_unique=4  evals=40000  time=9712.45s
[RUN 84/120] instance=WIP-FMS_20  algo=EMTGLocalGAV2  seed=3  rep_makespan=356  rep_shortage=554.00  pareto_size=4  pareto_size_raw=5  dup=1  rank0=5  rank0_unique=4  evals=40000  time=9647.56s
[RUN 85/120] instance=WIP-FMS_20  algo=EMTGLocalGAV2  seed=2  rep_makespan=360  rep_shortage=538.00  pareto_size=8  pareto_size_raw=9  dup=1  rank0=9  rank0_unique=8  evals=40000  time=9832.83s
[RUN 86/120] instance=WIP-FMS_19  algo=NoLAT  seed=3  rep_makespan=484  rep_shortage=1103.00  pareto_size=4  pareto_size_raw=4  dup=0  rank0=4  rank0_unique=4  evals=40000  time=11481.17s
[RUN 87/120] instance=WIP-FMS_19  algo=NoLAT  seed=4  rep_makespan=472  rep_shortage=997.00  pareto_size=1  pareto_size_raw=1  dup=0  rank0=1  rank0_unique=1  evals=40000  time=11272.27sProcess ForkPoolWorker-14:
Process ForkPoolWorker-16:
Process ForkPoolWorker-18:
Process ForkPoolWorker-17:
Process ForkPoolWorker-12:
Process ForkPoolWorker-20:
Process ForkPoolWorker-10:
Process ForkPoolWorker-1:
Process ForkPoolWorker-6:
Process ForkPoolWorker-13:
Process ForkPoolWorker-2:
Process ForkPoolWorker-19:
Process ForkPoolWorker-4:
Process ForkPoolWorker-5:
Process ForkPoolWorker-15:
Process ForkPoolWorker-7:
Process ForkPoolWorker-8:
Process ForkPoolWorker-9:
Process ForkPoolWorker-3:

[RUN 88/120] instance=WIP-FMS_19  algo=NoLAT  seed=5  rep_makespan=473  rep_shortage=1016.00  pareto_size=2  pareto_size_raw=2  dup=0  rank0=2  rank0_unique=2  evals=40000  time=11303.70s
[RUN 89/120] instance=WIP-FMS_19  algo=NoLAT  seed=6  rep_makespan=463  rep_shortage=1068.00  pareto_size=3  pareto_size_raw=3  dup=0  rank0=3  rank0_unique=3  evals=40000  time=11219.86s
[RUN 90/120] instance=WIP-FMS_20  algo=EMTGLocalGAV2  seed=4  rep_makespan=362  rep_shortage=479.00  pareto_size=3  pareto_size_raw=4  dup=1  rank0=4  rank0_unique=3  evals=40000  time=9742.82s
[RUN 91/120] instance=WIP-FMS_19  algo=NoLAT  seed=7  rep_makespan=492  rep_shortage=1107.00  pareto_size=3  pareto_size_raw=3  dup=0  rank0=3  rank0_unique=3  evals=40000  time=11247.82s
[RUN 92/120] instance=WIP-FMS_19  algo=NoLAT  seed=8  rep_makespan=475  rep_shortage=1129.00  pareto_size=9  pareto_size_raw=9  dup=0  rank0=9  rank0_unique=9  evals=40000  time=11463.90s
[RUN 93/120] instance=WIP-FMS_20  algo=EMTGLocalGAV2  seed=5  rep_makespan=364  rep_shortage=511.00  pareto_size=1  pareto_size_raw=2  dup=1  rank0=2  rank0_unique=1  evals=40000  time=9718.77s
[RUN 94/120] instance=WIP-FMS_19  algo=NoLAT  seed=9  rep_makespan=471  rep_shortage=1038.00  pareto_size=4  pareto_size_raw=4  dup=0  rank0=4  rank0_unique=4  evals=40000  time=11186.04s
[RUN 95/120] instance=WIP-FMS_20  algo=EMTGLocalGAV2  seed=6  rep_makespan=364  rep_shortage=446.00  pareto_size=5  pareto_size_raw=5  dup=0  rank0=5  rank0_unique=5  evals=40000  time=9626.97s
[RUN 96/120] instance=WIP-FMS_20  algo=EMTGLocalGAV2  seed=7  rep_makespan=367  rep_shortage=538.00  pareto_size=6  pareto_size_raw=7  dup=1  rank0=7  rank0_unique=6  evals=40000  time=9730.45s
[RUN 97/120] instance=WIP-FMS_19  algo=NoLAT  seed=10  rep_makespan=480  rep_shortage=1167.00  pareto_size=7  pareto_size_raw=7  dup=0  rank0=7  rank0_unique=7  evals=40000  time=11495.65s
[RUN 98/120] instance=WIP-FMS_20  algo=EMTGLocalGAV2  seed=8  rep_makespan=366  rep_shortage=526.00  pareto_size=7  pareto_size_raw=8  dup=1  rank0=8  rank0_unique=7  evals=40000  time=9819.53s
[RUN 99/120] instance=WIP-FMS_20  algo=EMTGLocalGAV2  seed=9  rep_makespan=366  rep_shortage=665.00  pareto_size=4  pareto_size_raw=6  dup=2  rank0=6  rank0_unique=4  evals=40000  time=9728.90s
[RUN 100/120] instance=WIP-FMS_20  algo=EMTGLocalGAV2  seed=10  rep_makespan=356  rep_shortage=502.00  pareto_size=4  pareto_size_raw=4  dup=0  rank0=4  rank0_unique=4  evals=40000  time=9621.05s
[RUN 101/120] instance=WIP-FMS_20  algo=NoGAT  seed=1  rep_makespan=361  rep_shortage=616.00  pareto_size=8  pareto_size_raw=8  dup=0  rank0=8  rank0_unique=8  evals=40000  time=9680.11s
[RUN 102/120] instance=WIP-FMS_20  algo=NoGAT  seed=2  rep_makespan=366  rep_shortage=585.00  pareto_size=8  pareto_size_raw=8  dup=0  rank0=8  rank0_unique=8  evals=40000  time=9584.45s
[RUN 103/120] instance=WIP-FMS_20  algo=NoGAT  seed=3  rep_makespan=369  rep_shortage=574.00  pareto_size=10  pareto_size_raw=10  dup=0  rank0=10  rank0_unique=10  evals=40000  time=9699.69s
[RUN 104/120] instance=WIP-FMS_20  algo=NoGAT  seed=4  rep_makespan=363  rep_shortage=609.00  pareto_size=4  pareto_size_raw=4  dup=0  rank0=4  rank0_unique=4  evals=40000  time=9694.81s
[RUN 105/120] instance=WIP-FMS_20  algo=NoGAT  seed=5  rep_makespan=364  rep_shortage=521.00  pareto_size=8  pareto_size_raw=8  dup=0  rank0=8  rank0_unique=8  evals=40000  time=9731.66s
[RUN 106/120] instance=WIP-FMS_20  algo=NoGAT  seed=6  rep_makespan=358  rep_shortage=425.00  pareto_size=1  pareto_size_raw=1  dup=0  rank0=1  rank0_unique=1  evals=40000  time=9607.29s
[RUN 107/120] instance=WIP-FMS_20  algo=NoGAT  seed=7  rep_makespan=367  rep_shortage=565.00  pareto_size=8  pareto_size_raw=8  dup=0  rank0=8  rank0_unique=8  evals=40000  time=9713.48s
[RUN 108/120] instance=WIP-FMS_20  algo=NoGAT  seed=10  rep_makespan=355  rep_shortage=587.00  pareto_size=7  pareto_size_raw=7  dup=0  rank0=7  rank0_unique=7  evals=40000  time=9542.84s
[RUN 109/120] instance=WIP-FMS_20  algo=NoGAT  seed=9  rep_makespan=364  rep_shortage=509.00  pareto_size=5  pareto_size_raw=5  dup=0  rank0=5  rank0_unique=5  evals=40000  time=9659.55s
[RUN 110/120] instance=WIP-FMS_20  algo=NoGAT  seed=8  rep_makespan=367  rep_shortage=696.00  pareto_size=8  pareto_size_raw=8  dup=0  rank0=8  rank0_unique=8  evals=40000  time=9811.40s
[RUN 111/120] instance=WIP-FMS_20  algo=NoLAT  seed=1  rep_makespan=368  rep_shortage=786.00  pareto_size=4  pareto_size_raw=4  dup=0  rank0=4  rank0_unique=4  evals=40000  time=9764.97s
[RUN 112/120] instance=WIP-FMS_20  algo=NoLAT  seed=3  rep_makespan=363  rep_shortage=696.00  pareto_size=6  pareto_size_raw=6  dup=0  rank0=6  rank0_unique=6  evals=40000  time=9647.73s
[RUN 113/120] instance=WIP-FMS_20  algo=NoLAT  seed=4  rep_makespan=355  rep_shortage=759.00  pareto_size=7  pareto_size_raw=7  dup=0  rank0=7  rank0_unique=7  evals=40000  time=9615.75s
[RUN 114/120] instance=WIP-FMS_20  algo=NoLAT  seed=2  rep_makespan=363  rep_shortage=650.00  pareto_size=6  pareto_size_raw=6  dup=0  rank0=6  rank0_unique=6  evals=40000  time=9875.22s
[RUN 115/120] instance=WIP-FMS_20  algo=NoLAT  seed=5  rep_makespan=355  rep_shortage=666.00  pareto_size=4  pareto_size_raw=4  dup=0  rank0=4  rank0_unique=4  evals=40000  time=9674.72s
Traceback (most recent call last):
  File "/home/ssczl/miniconda3/envs/myproject/lib/python3.12/multiprocessing/pool.py", line 856, in next
    item = self._items.popleft()
           ^^^^^^^^^^^^^^^^^^^^^
IndexError: pop from an empty deque

During handling of the above exception, another exception occurred:

Traceback (most recent call last):
  File "/home/ssczl/projects/WIP-aware/experiments/run_compare_experiments.py", line 576, in <module>
    run_experiments()
  File "/home/ssczl/projects/WIP-aware/experiments/run_compare_experiments.py", line 533, in run_experiments
    for res in pool.imap_unordered(worker, tasks):
               ^^^^^^^^^^^^^^^^^^^^^^^^^^^^^^^^^^
  File "/home/ssczl/miniconda3/envs/myproject/lib/python3.12/multiprocessing/pool.py", line 861, in next
    self._cond.wait(timeout)
  File "/home/ssczl/miniconda3/envs/myproject/lib/python3.12/threading.py", line 355, in wait
    waiter.acquire()
KeyboardInterrupt
