Instances selected:
  [0] WIP-FMS_01.json
  [1] WIP-FMS_02.json
  [2] WIP-FMS_03.json
  [3] WIP-FMS_04.json
  [4] WIP-FMS_05.json
  [5] WIP-FMS_06.json
  [6] WIP-FMS_07.json
  [7] WIP-FMS_08.json
  [8] WIP-FMS_09.json
  [9] WIP-FMS_10.json
  [10] WIP-FMS_11.json
  [11] WIP-FMS_12.json
  [12] WIP-FMS_13.json
  [13] WIP-FMS_14.json
  [14] WIP-FMS_15.json
  [15] WIP-FMS_16.json
  [16] WIP-FMS_17.json
  [17] WIP-FMS_18.json
  [18] WIP-FMS_19.json
  [19] WIP-FMS_20.json

Total tasks to run : 320
Total tasks skipped: 280
Skipped existing runs:
  SKIP WIP-FMS_01 | EMTGLocalGAV2 | seed=1
  SKIP WIP-FMS_01 | EMTGLocalGAV2 | seed=2
  SKIP WIP-FMS_01 | EMTGLocalGAV2 | seed=3
  SKIP WIP-FMS_01 | EMTGLocalGAV2 | seed=4
  SKIP WIP-FMS_01 | EMTGLocalGAV2 | seed=5
  SKIP WIP-FMS_01 | EMTGLocalGAV2 | seed=6
  SKIP WIP-FMS_01 | EMTGLocalGAV2 | seed=7
  SKIP WIP-FMS_01 | EMTGLocalGAV2 | seed=8
  SKIP WIP-FMS_01 | EMTGLocalGAV2 | seed=9
  SKIP WIP-FMS_01 | EMTGLocalGAV2 | seed=10
  SKIP WIP-FMS_01 | NoGAT | seed=1
  SKIP WIP-FMS_01 | NoGAT | seed=2
  SKIP WIP-FMS_01 | NoGAT | seed=3
  SKIP WIP-FMS_01 | NoGAT | seed=4
  SKIP WIP-FMS_01 | NoGAT | seed=5
  SKIP WIP-FMS_01 | NoGAT | seed=6
  SKIP WIP-FMS_01 | NoGAT | seed=7
  SKIP WIP-FMS_01 | NoGAT | seed=8
  SKIP WIP-FMS_01 | NoGAT | seed=9
  SKIP WIP-FMS_01 | NoGAT | seed=10
  ... and 260 more

Using 20 processes...

[RUN 1/320] instance=WIP-FMS_01  algo=NoLAT  seed=5  rep_makespan=72  rep_shortage=58.00  pareto_size=13  pareto_size_raw=13  dup=0  rank0=13  rank0_unique=13  evals=40000  time=179.49s
[RUN 2/320] instance=WIP-FMS_01  algo=NoLAT  seed=7  rep_makespan=71  rep_shortage=48.00  pareto_size=10  pareto_size_raw=10  dup=0  rank0=10  rank0_unique=10  evals=40000  time=181.18s
[RUN 3/320] instance=WIP-FMS_01  algo=NoLAT  seed=1  rep_makespan=73  rep_shortage=42.00  pareto_size=12  pareto_size_raw=12  dup=0  rank0=12  rank0_unique=12  evals=40000  time=181.28s
[RUN 4/320] instance=WIP-FMS_01  algo=NoLAT  seed=9  rep_makespan=71  rep_shortage=51.00  pareto_size=9  pareto_size_raw=9  dup=0  rank0=9  rank0_unique=9  evals=40000  time=181.29s
[RUN 5/320] instance=WIP-FMS_01  algo=NoLAT  seed=2  rep_makespan=72  rep_shortage=63.00  pareto_size=7  pareto_size_raw=7  dup=0  rank0=7  rank0_unique=7  evals=40000  time=181.57s
[RUN 6/320] instance=WIP-FMS_01  algo=NoLAT  seed=6  rep_makespan=73  rep_shortage=42.00  pareto_size=10  pareto_size_raw=10  dup=0  rank0=10  rank0_unique=10  evals=40000  time=182.21s
[RUN 7/320] instance=WIP-FMS_02  algo=NoLAT  seed=6  rep_makespan=74  rep_shortage=72.00  pareto_size=16  pareto_size_raw=16  dup=0  rank0=16  rank0_unique=16  evals=40000  time=182.40s
[RUN 8/320] instance=WIP-FMS_02  algo=NoLAT  seed=4  rep_makespan=79  rep_shortage=45.00  pareto_size=8  pareto_size_raw=8  dup=0  rank0=8  rank0_unique=8  evals=40000  time=182.66s
[RUN 9/320] instance=WIP-FMS_02  algo=NoLAT  seed=9  rep_makespan=82  rep_shortage=47.00  pareto_size=13  pareto_size_raw=13  dup=0  rank0=13  rank0_unique=13  evals=40000  time=182.77s
[RUN 10/320] instance=WIP-FMS_01  algo=NoLAT  seed=3  rep_makespan=71  rep_shortage=58.00  pareto_size=11  pareto_size_raw=11  dup=0  rank0=11  rank0_unique=11  evals=40000  time=182.80s
[RUN 11/320] instance=WIP-FMS_02  algo=NoLAT  seed=7  rep_makespan=78  rep_shortage=37.00  pareto_size=11  pareto_size_raw=11  dup=0  rank0=11  rank0_unique=11  evals=40000  time=182.99s
[RUN 12/320] instance=WIP-FMS_02  algo=NoLAT  seed=5  rep_makespan=80  rep_shortage=49.00  pareto_size=12  pareto_size_raw=12  dup=0  rank0=12  rank0_unique=12  evals=40000  time=182.99s
[RUN 13/320] instance=WIP-FMS_01  algo=NoLAT  seed=4  rep_makespan=68  rep_shortage=42.00  pareto_size=9  pareto_size_raw=9  dup=0  rank0=9  rank0_unique=9  evals=40000  time=183.07s
[RUN 14/320] instance=WIP-FMS_02  algo=NoLAT  seed=1  rep_makespan=76  rep_shortage=57.00  pareto_size=15  pareto_size_raw=15  dup=0  rank0=15  rank0_unique=15  evals=40000  time=183.27s
[RUN 15/320] instance=WIP-FMS_02  algo=NoLAT  seed=2  rep_makespan=79  rep_shortage=50.00  pareto_size=11  pareto_size_raw=11  dup=0  rank0=11  rank0_unique=11  evals=40000  time=183.30s
[RUN 16/320] instance=WIP-FMS_01  algo=NoLAT  seed=10  rep_makespan=68  rep_shortage=54.00  pareto_size=12  pareto_size_raw=12  dup=0  rank0=12  rank0_unique=12  evals=40000  time=183.34s
[RUN 17/320] instance=WIP-FMS_01  algo=NoLAT  seed=8  rep_makespan=71  rep_shortage=56.00  pareto_size=10  pareto_size_raw=10  dup=0  rank0=10  rank0_unique=10  evals=40000  time=183.73s
[RUN 18/320] instance=WIP-FMS_02  algo=NoLAT  seed=10  rep_makespan=78  rep_shortage=49.00  pareto_size=9  pareto_size_raw=9  dup=0  rank0=9  rank0_unique=9  evals=40000  time=183.76s
[RUN 19/320] instance=WIP-FMS_02  algo=NoLAT  seed=3  rep_makespan=82  rep_shortage=47.00  pareto_size=12  pareto_size_raw=12  dup=0  rank0=12  rank0_unique=12  evals=40000  time=184.89s
[RUN 20/320] instance=WIP-FMS_02  algo=NoLAT  seed=8  rep_makespan=78  rep_shortage=66.00  pareto_size=14  pareto_size_raw=14  dup=0  rank0=14  rank0_unique=14  evals=40000  time=184.96s
[RUN 21/320] instance=WIP-FMS_03  algo=NoLAT  seed=1  rep_makespan=99  rep_shortage=23.00  pareto_size=5  pareto_size_raw=5  dup=0  rank0=5  rank0_unique=5  evals=40000  time=183.59s
[RUN 22/320] instance=WIP-FMS_03  algo=NoLAT  seed=2  rep_makespan=99  rep_shortage=35.00  pareto_size=4  pareto_size_raw=4  dup=0  rank0=4  rank0_unique=4  evals=40000  time=182.65s
[RUN 23/320] instance=WIP-FMS_03  algo=NoLAT  seed=5  rep_makespan=100  rep_shortage=19.00  pareto_size=3  pareto_size_raw=3  dup=0  rank0=3  rank0_unique=3  evals=40000  time=186.95s
[RUN 24/320] instance=WIP-FMS_03  algo=NoLAT  seed=4  rep_makespan=99  rep_shortage=34.00  pareto_size=5  pareto_size_raw=5  dup=0  rank0=5  rank0_unique=5  evals=40000  time=188.03s
[RUN 25/320] instance=WIP-FMS_03  algo=NoLAT  seed=9  rep_makespan=99  rep_shortage=38.00  pareto_size=5  pareto_size_raw=5  dup=0  rank0=5  rank0_unique=5  evals=40000  time=186.57s
[RUN 26/320] instance=WIP-FMS_03  algo=NoLAT  seed=6  rep_makespan=98  rep_shortage=31.00  pareto_size=4  pareto_size_raw=4  dup=0  rank0=4  rank0_unique=4  evals=40000  time=187.22s
[RUN 27/320] instance=WIP-FMS_03  algo=NoLAT  seed=7  rep_makespan=99  rep_shortage=36.00  pareto_size=7  pareto_size_raw=7  dup=0  rank0=7  rank0_unique=7  evals=40000  time=187.06s
[RUN 28/320] instance=WIP-FMS_03  algo=NoLAT  seed=3  rep_makespan=98  rep_shortage=23.00  pareto_size=1  pareto_size_raw=1  dup=0  rank0=1  rank0_unique=1  evals=40000  time=188.23s
[RUN 29/320] instance=WIP-FMS_03  algo=NoLAT  seed=10  rep_makespan=98  rep_shortage=30.00  pareto_size=4  pareto_size_raw=4  dup=0  rank0=4  rank0_unique=4  evals=40000  time=187.37s
[RUN 30/320] instance=WIP-FMS_03  algo=NoLAT  seed=8  rep_makespan=98  rep_shortage=28.00  pareto_size=2  pareto_size_raw=2  dup=0  rank0=2  rank0_unique=2  evals=40000  time=189.11s
[RUN 31/320] instance=WIP-FMS_04  algo=NoLAT  seed=5  rep_makespan=155  rep_shortage=131.00  pareto_size=5  pareto_size_raw=5  dup=0  rank0=5  rank0_unique=5  evals=40000  time=1427.88s
[RUN 32/320] instance=WIP-FMS_04  algo=NoLAT  seed=9  rep_makespan=157  rep_shortage=129.00  pareto_size=4  pareto_size_raw=4  dup=0  rank0=4  rank0_unique=4  evals=40000  time=1435.37s
[RUN 33/320] instance=WIP-FMS_04  algo=NoLAT  seed=10  rep_makespan=156  rep_shortage=144.00  pareto_size=6  pareto_size_raw=6  dup=0  rank0=6  rank0_unique=6  evals=40000  time=1437.95s
[RUN 34/320] instance=WIP-FMS_04  algo=NoLAT  seed=1  rep_makespan=165  rep_shortage=140.00  pareto_size=6  pareto_size_raw=6  dup=0  rank0=6  rank0_unique=6  evals=40000  time=1450.65s
[RUN 35/320] instance=WIP-FMS_04  algo=NoLAT  seed=8  rep_makespan=162  rep_shortage=135.00  pareto_size=5  pareto_size_raw=5  dup=0  rank0=5  rank0_unique=5  evals=40000  time=1452.86s
[RUN 36/320] instance=WIP-FMS_04  algo=NoLAT  seed=6  rep_makespan=155  rep_shortage=145.00  pareto_size=6  pareto_size_raw=6  dup=0  rank0=6  rank0_unique=6  evals=40000  time=1453.41s
[RUN 37/320] instance=WIP-FMS_04  algo=NoLAT  seed=2  rep_makespan=156  rep_shortage=156.00  pareto_size=9  pareto_size_raw=9  dup=0  rank0=9  rank0_unique=9  evals=40000  time=1455.80s
[RUN 38/320] instance=WIP-FMS_04  algo=NoLAT  seed=4  rep_makespan=157  rep_shortage=158.00  pareto_size=9  pareto_size_raw=9  dup=0  rank0=9  rank0_unique=9  evals=40000  time=1455.61s
[RUN 39/320] instance=WIP-FMS_04  algo=NoLAT  seed=3  rep_makespan=158  rep_shortage=151.00  pareto_size=6  pareto_size_raw=6  dup=0  rank0=6  rank0_unique=6  evals=40000  time=1457.01s
[RUN 40/320] instance=WIP-FMS_04  algo=NoLAT  seed=7  rep_makespan=157  rep_shortage=144.00  pareto_size=5  pareto_size_raw=5  dup=0  rank0=5  rank0_unique=5  evals=40000  time=1461.17s
[RUN 41/320] instance=WIP-FMS_05  algo=NoLAT  seed=4  rep_makespan=257  rep_shortage=336.00  pareto_size=2  pareto_size_raw=2  dup=0  rank0=2  rank0_unique=2  evals=40000  time=1715.12s
[RUN 42/320] instance=WIP-FMS_05  algo=NoLAT  seed=9  rep_makespan=258  rep_shortage=315.00  pareto_size=4  pareto_size_raw=4  dup=0  rank0=4  rank0_unique=4  evals=40000  time=1715.91s
[RUN 43/320] instance=WIP-FMS_05  algo=NoLAT  seed=3  rep_makespan=253  rep_shortage=378.00  pareto_size=4  pareto_size_raw=4  dup=0  rank0=4  rank0_unique=4  evals=40000  time=1720.64s
[RUN 44/320] instance=WIP-FMS_05  algo=NoLAT  seed=2  rep_makespan=259  rep_shortage=381.00  pareto_size=6  pareto_size_raw=6  dup=0  rank0=6  rank0_unique=6  evals=40000  time=1736.62s
[RUN 45/320] instance=WIP-FMS_05  algo=NoLAT  seed=1  rep_makespan=252  rep_shortage=346.00  pareto_size=2  pareto_size_raw=2  dup=0  rank0=2  rank0_unique=2  evals=40000  time=1738.59s
[RUN 46/320] instance=WIP-FMS_05  algo=NoLAT  seed=10  rep_makespan=258  rep_shortage=326.00  pareto_size=6  pareto_size_raw=6  dup=0  rank0=6  rank0_unique=6  evals=40000  time=1733.38s
[RUN 47/320] instance=WIP-FMS_05  algo=NoLAT  seed=6  rep_makespan=257  rep_shortage=338.00  pareto_size=4  pareto_size_raw=4  dup=0  rank0=4  rank0_unique=4  evals=40000  time=1736.88s
[RUN 48/320] instance=WIP-FMS_05  algo=NoLAT  seed=7  rep_makespan=252  rep_shortage=323.00  pareto_size=3  pareto_size_raw=3  dup=0  rank0=3  rank0_unique=3  evals=40000  time=1739.22s
[RUN 49/320] instance=WIP-FMS_05  algo=NoLAT  seed=8  rep_makespan=262  rep_shortage=359.00  pareto_size=4  pareto_size_raw=4  dup=0  rank0=4  rank0_unique=4  evals=40000  time=1743.27s
[RUN 50/320] instance=WIP-FMS_05  algo=NoLAT  seed=5  rep_makespan=257  rep_shortage=358.00  pareto_size=5  pareto_size_raw=5  dup=0  rank0=5  rank0_unique=5  evals=40000  time=1750.57s
[RUN 51/320] instance=WIP-FMS_06  algo=NoLAT  seed=1  rep_makespan=160  rep_shortage=121.00  pareto_size=4  pareto_size_raw=4  dup=0  rank0=4  rank0_unique=4  evals=40000  time=1469.11s
[RUN 52/320] instance=WIP-FMS_06  algo=NoLAT  seed=3  rep_makespan=168  rep_shortage=144.00  pareto_size=8  pareto_size_raw=8  dup=0  rank0=8  rank0_unique=8  evals=40000  time=1466.02s
[RUN 53/320] instance=WIP-FMS_06  algo=NoLAT  seed=4  rep_makespan=163  rep_shortage=136.00  pareto_size=5  pareto_size_raw=5  dup=0  rank0=5  rank0_unique=5  evals=40000  time=1459.44s
[RUN 54/320] instance=WIP-FMS_06  algo=NoLAT  seed=10  rep_makespan=166  rep_shortage=149.00  pareto_size=3  pareto_size_raw=3  dup=0  rank0=3  rank0_unique=3  evals=40000  time=1460.74s
[RUN 55/320] instance=WIP-FMS_06  algo=NoLAT  seed=2  rep_makespan=163  rep_shortage=158.00  pareto_size=5  pareto_size_raw=5  dup=0  rank0=5  rank0_unique=5  evals=40000  time=1487.63s
[RUN 56/320] instance=WIP-FMS_06  algo=NoLAT  seed=9  rep_makespan=163  rep_shortage=153.00  pareto_size=4  pareto_size_raw=4  dup=0  rank0=4  rank0_unique=4  evals=40000  time=1474.08s
[RUN 57/320] instance=WIP-FMS_06  algo=NoLAT  seed=8  rep_makespan=166  rep_shortage=154.00  pareto_size=3  pareto_size_raw=3  dup=0  rank0=3  rank0_unique=3  evals=40000  time=1478.89s
[RUN 58/320] instance=WIP-FMS_06  algo=NoLAT  seed=5  rep_makespan=163  rep_shortage=163.00  pareto_size=6  pareto_size_raw=6  dup=0  rank0=6  rank0_unique=6  evals=40000  time=1481.53s
[RUN 59/320] instance=WIP-FMS_06  algo=NoLAT  seed=6  rep_makespan=167  rep_shortage=145.00  pareto_size=6  pareto_size_raw=6  dup=0  rank0=6  rank0_unique=6  evals=40000  time=1482.19s
[RUN 60/320] instance=WIP-FMS_06  algo=NoLAT  seed=7  rep_makespan=167  rep_shortage=170.00  pareto_size=8  pareto_size_raw=8  dup=0  rank0=8  rank0_unique=8  evals=40000  time=1487.44s
[RUN 61/320] instance=WIP-FMS_07  algo=NoLAT  seed=9  rep_makespan=212  rep_shortage=236.00  pareto_size=6  pareto_size_raw=6  dup=0  rank0=6  rank0_unique=6  evals=40000  time=1593.13s
[RUN 62/320] instance=WIP-FMS_07  algo=NoLAT  seed=3  rep_makespan=207  rep_shortage=235.00  pareto_size=5  pareto_size_raw=5  dup=0  rank0=5  rank0_unique=5  evals=40000  time=1618.29s
[RUN 63/320] instance=WIP-FMS_07  algo=NoLAT  seed=2  rep_makespan=208  rep_shortage=277.00  pareto_size=5  pareto_size_raw=5  dup=0  rank0=5  rank0_unique=5  evals=40000  time=1622.95s
[RUN 64/320] instance=WIP-FMS_07  algo=NoLAT  seed=1  rep_makespan=206  rep_shortage=207.00  pareto_size=4  pareto_size_raw=4  dup=0  rank0=4  rank0_unique=4  evals=40000  time=1637.57s
[RUN 65/320] instance=WIP-FMS_07  algo=NoLAT  seed=5  rep_makespan=214  rep_shortage=235.00  pareto_size=5  pareto_size_raw=5  dup=0  rank0=5  rank0_unique=5  evals=40000  time=1624.35s
[RUN 66/320] instance=WIP-FMS_07  algo=NoLAT  seed=4  rep_makespan=211  rep_shortage=171.00  pareto_size=3  pareto_size_raw=3  dup=0  rank0=3  rank0_unique=3  evals=40000  time=1625.94s
[RUN 67/320] instance=WIP-FMS_07  algo=NoLAT  seed=7  rep_makespan=203  rep_shortage=271.00  pareto_size=5  pareto_size_raw=5  dup=0  rank0=5  rank0_unique=5  evals=40000  time=1631.74s
[RUN 68/320] instance=WIP-FMS_07  algo=NoLAT  seed=6  rep_makespan=210  rep_shortage=225.00  pareto_size=5  pareto_size_raw=5  dup=0  rank0=5  rank0_unique=5  evals=40000  time=1635.02s
[RUN 69/320] instance=WIP-FMS_07  algo=NoLAT  seed=10  rep_makespan=216  rep_shortage=223.00  pareto_size=7  pareto_size_raw=7  dup=0  rank0=7  rank0_unique=7  evals=40000  time=1629.49s
[RUN 70/320] instance=WIP-FMS_07  algo=NoLAT  seed=8  rep_makespan=211  rep_shortage=204.00  pareto_size=3  pareto_size_raw=3  dup=0  rank0=3  rank0_unique=3  evals=40000  time=1644.72s
[RUN 71/320] instance=WIP-FMS_08  algo=NoLAT  seed=3  rep_makespan=229  rep_shortage=208.00  pareto_size=6  pareto_size_raw=6  dup=0  rank0=6  rank0_unique=6  evals=40000  time=1647.27s
[RUN 72/320] instance=WIP-FMS_08  algo=NoLAT  seed=1  rep_makespan=227  rep_shortage=213.00  pareto_size=8  pareto_size_raw=8  dup=0  rank0=8  rank0_unique=8  evals=40000  time=1666.20s
[RUN 73/320] instance=WIP-FMS_08  algo=NoLAT  seed=2  rep_makespan=227  rep_shortage=189.00  pareto_size=4  pareto_size_raw=4  dup=0  rank0=4  rank0_unique=4  evals=40000  time=1667.99s
[RUN 74/320] instance=WIP-FMS_08  algo=NoLAT  seed=4  rep_makespan=221  rep_shortage=151.00  pareto_size=2  pareto_size_raw=2  dup=0  rank0=2  rank0_unique=2  evals=40000  time=1651.92s
[RUN 75/320] instance=WIP-FMS_08  algo=NoLAT  seed=5  rep_makespan=238  rep_shortage=210.00  pareto_size=8  pareto_size_raw=8  dup=0  rank0=8  rank0_unique=8  evals=40000  time=1654.83s
[RUN 76/320] instance=WIP-FMS_08  algo=NoLAT  seed=7  rep_makespan=227  rep_shortage=239.00  pareto_size=6  pareto_size_raw=6  dup=0  rank0=6  rank0_unique=6  evals=40000  time=1645.17s
[RUN 77/320] instance=WIP-FMS_08  algo=NoLAT  seed=10  rep_makespan=229  rep_shortage=193.00  pareto_size=5  pareto_size_raw=5  dup=0  rank0=5  rank0_unique=5  evals=40000  time=1641.12s
[RUN 78/320] instance=WIP-FMS_08  algo=NoLAT  seed=6  rep_makespan=230  rep_shortage=219.00  pareto_size=4  pareto_size_raw=4  dup=0  rank0=4  rank0_unique=4  evals=40000  time=1659.10s
[RUN 79/320] instance=WIP-FMS_08  algo=NoLAT  seed=8  rep_makespan=228  rep_shortage=181.00  pareto_size=6  pareto_size_raw=6  dup=0  rank0=6  rank0_unique=6  evals=40000  time=1659.11s
[RUN 80/320] instance=WIP-FMS_08  algo=NoLAT  seed=9  rep_makespan=230  rep_shortage=237.00  pareto_size=7  pareto_size_raw=7  dup=0  rank0=7  rank0_unique=7  evals=40000  time=1681.00s
[RUN 81/320] instance=WIP-FMS_09  algo=NoLAT  seed=2  rep_makespan=278  rep_shortage=240.00  pareto_size=7  pareto_size_raw=7  dup=0  rank0=7  rank0_unique=7  evals=40000  time=1653.49s
[RUN 82/320] instance=WIP-FMS_09  algo=NoLAT  seed=1  rep_makespan=275  rep_shortage=252.00  pareto_size=6  pareto_size_raw=6  dup=0  rank0=6  rank0_unique=6  evals=40000  time=1668.75s
[RUN 83/320] instance=WIP-FMS_09  algo=NoLAT  seed=3  rep_makespan=278  rep_shortage=261.00  pareto_size=5  pareto_size_raw=5  dup=0  rank0=5  rank0_unique=5  evals=40000  time=1673.69s
[RUN 84/320] instance=WIP-FMS_09  algo=NoLAT  seed=4  rep_makespan=277  rep_shortage=273.00  pareto_size=8  pareto_size_raw=8  dup=0  rank0=8  rank0_unique=8  evals=40000  time=1672.65s
[RUN 85/320] instance=WIP-FMS_09  algo=NoLAT  seed=6  rep_makespan=273  rep_shortage=238.00  pareto_size=6  pareto_size_raw=6  dup=0  rank0=6  rank0_unique=6  evals=40000  time=1671.52s
[RUN 86/320] instance=WIP-FMS_09  algo=NoLAT  seed=5  rep_makespan=280  rep_shortage=283.00  pareto_size=5  pareto_size_raw=5  dup=0  rank0=5  rank0_unique=5  evals=40000  time=1677.49s
[RUN 87/320] instance=WIP-FMS_09  algo=NoLAT  seed=8  rep_makespan=273  rep_shortage=301.00  pareto_size=4  pareto_size_raw=4  dup=0  rank0=4  rank0_unique=4  evals=40000  time=1669.67s
[RUN 88/320] instance=WIP-FMS_09  algo=NoLAT  seed=10  rep_makespan=279  rep_shortage=215.00  pareto_size=4  pareto_size_raw=4  dup=0  rank0=4  rank0_unique=4  evals=40000  time=1671.89s
[RUN 89/320] instance=WIP-FMS_09  algo=NoLAT  seed=7  rep_makespan=272  rep_shortage=226.00  pareto_size=6  pareto_size_raw=6  dup=0  rank0=6  rank0_unique=6  evals=40000  time=1693.98s
[RUN 90/320] instance=WIP-FMS_09  algo=NoLAT  seed=9  rep_makespan=278  rep_shortage=243.00  pareto_size=3  pareto_size_raw=3  dup=0  rank0=3  rank0_unique=3  evals=40000  time=1693.41s
[RUN 91/320] instance=WIP-FMS_10  algo=NoLAT  seed=2  rep_makespan=311  rep_shortage=368.00  pareto_size=7  pareto_size_raw=7  dup=0  rank0=7  rank0_unique=7  evals=40000  time=1789.32s
[RUN 92/320] instance=WIP-FMS_10  algo=NoLAT  seed=6  rep_makespan=315  rep_shortage=357.00  pareto_size=3  pareto_size_raw=3  dup=0  rank0=3  rank0_unique=3  evals=40000  time=1785.98s
[RUN 93/320] instance=WIP-FMS_10  algo=NoLAT  seed=7  rep_makespan=310  rep_shortage=340.00  pareto_size=3  pareto_size_raw=3  dup=0  rank0=3  rank0_unique=3  evals=40000  time=1782.17s
[RUN 94/320] instance=WIP-FMS_10  algo=NoLAT  seed=3  rep_makespan=320  rep_shortage=308.00  pareto_size=8  pareto_size_raw=8  dup=0  rank0=8  rank0_unique=8  evals=40000  time=1793.12s
[RUN 95/320] instance=WIP-FMS_10  algo=NoLAT  seed=1  rep_makespan=316  rep_shortage=317.00  pareto_size=8  pareto_size_raw=8  dup=0  rank0=8  rank0_unique=8  evals=40000  time=1809.97s
[RUN 96/320] instance=WIP-FMS_10  algo=NoLAT  seed=8  rep_makespan=314  rep_shortage=274.00  pareto_size=2  pareto_size_raw=2  dup=0  rank0=2  rank0_unique=2  evals=40000  time=1779.34s
[RUN 97/320] instance=WIP-FMS_10  algo=NoLAT  seed=4  rep_makespan=313  rep_shortage=349.00  pareto_size=8  pareto_size_raw=8  dup=0  rank0=8  rank0_unique=8  evals=40000  time=1796.36s
[RUN 98/320] instance=WIP-FMS_10  algo=NoLAT  seed=10  rep_makespan=308  rep_shortage=345.00  pareto_size=6  pareto_size_raw=6  dup=0  rank0=6  rank0_unique=6  evals=40000  time=1771.25s
[RUN 99/320] instance=WIP-FMS_10  algo=NoLAT  seed=9  rep_makespan=312  rep_shortage=325.00  pareto_size=5  pareto_size_raw=5  dup=0  rank0=5  rank0_unique=5  evals=40000  time=1794.68s
[RUN 100/320] instance=WIP-FMS_10  algo=NoLAT  seed=5  rep_makespan=313  rep_shortage=309.00  pareto_size=6  pareto_size_raw=6  dup=0  rank0=6  rank0_unique=6  evals=40000  time=1815.47s
[RUN 101/320] instance=WIP-FMS_11  algo=NoLAT  seed=7  rep_makespan=286  rep_shortage=513.00  pareto_size=3  pareto_size_raw=3  dup=0  rank0=3  rank0_unique=3  evals=40000  time=8815.27s
[RUN 102/320] instance=WIP-FMS_11  algo=NoLAT  seed=8  rep_makespan=282  rep_shortage=540.00  pareto_size=4  pareto_size_raw=4  dup=0  rank0=4  rank0_unique=4  evals=40000  time=8804.49s
[RUN 103/320] instance=WIP-FMS_11  algo=NoLAT  seed=4  rep_makespan=290  rep_shortage=515.00  pareto_size=3  pareto_size_raw=3  dup=0  rank0=3  rank0_unique=3  evals=40000  time=8885.59s
[RUN 104/320] instance=WIP-FMS_11  algo=NoLAT  seed=2  rep_makespan=293  rep_shortage=521.00  pareto_size=4  pareto_size_raw=4  dup=0  rank0=4  rank0_unique=4  evals=40000  time=8908.45s
[RUN 105/320] instance=WIP-FMS_11  algo=NoLAT  seed=1  rep_makespan=296  rep_shortage=497.00  pareto_size=2  pareto_size_raw=2  dup=0  rank0=2  rank0_unique=2  evals=40000  time=8933.29s
[RUN 106/320] instance=WIP-FMS_11  algo=NoLAT  seed=10  rep_makespan=301  rep_shortage=514.00  pareto_size=3  pareto_size_raw=3  dup=0  rank0=3  rank0_unique=3  evals=40000  time=8883.43s
[RUN 107/320] instance=WIP-FMS_11  algo=NoLAT  seed=9  rep_makespan=287  rep_shortage=501.00  pareto_size=3  pareto_size_raw=3  dup=0  rank0=3  rank0_unique=3  evals=40000  time=8905.31s
[RUN 108/320] instance=WIP-FMS_11  algo=NoLAT  seed=6  rep_makespan=287  rep_shortage=512.00  pareto_size=2  pareto_size_raw=2  dup=0  rank0=2  rank0_unique=2  evals=40000  time=8955.07s
[RUN 109/320] instance=WIP-FMS_11  algo=NoLAT  seed=5  rep_makespan=298  rep_shortage=539.00  pareto_size=5  pareto_size_raw=5  dup=0  rank0=5  rank0_unique=5  evals=40000  time=8995.36s
[RUN 110/320] instance=WIP-FMS_11  algo=NoLAT  seed=3  rep_makespan=300  rep_shortage=539.00  pareto_size=6  pareto_size_raw=6  dup=0  rank0=6  rank0_unique=6  evals=40000  time=9010.57s
[RUN 111/320] instance=WIP-FMS_12  algo=NoLAT  seed=2  rep_makespan=390  rep_shortage=967.00  pareto_size=3  pareto_size_raw=3  dup=0  rank0=3  rank0_unique=3  evals=40000  time=10744.77s
[RUN 112/320] instance=WIP-FMS_12  algo=NoLAT  seed=3  rep_makespan=404  rep_shortage=940.00  pareto_size=6  pareto_size_raw=6  dup=0  rank0=6  rank0_unique=6  evals=40000  time=10748.08s
[RUN 113/320] instance=WIP-FMS_12  algo=NoLAT  seed=7  rep_makespan=394  rep_shortage=867.00  pareto_size=1  pareto_size_raw=1  dup=0  rank0=1  rank0_unique=1  evals=40000  time=10750.54s
[RUN 114/320] instance=WIP-FMS_12  algo=NoLAT  seed=4  rep_makespan=399  rep_shortage=974.00  pareto_size=6  pareto_size_raw=6  dup=0  rank0=6  rank0_unique=6  evals=40000  time=10759.72s
[RUN 115/320] instance=WIP-FMS_12  algo=NoLAT  seed=9  rep_makespan=396  rep_shortage=981.00  pareto_size=5  pareto_size_raw=5  dup=0  rank0=5  rank0_unique=5  evals=40000  time=10741.04s
[RUN 116/320] instance=WIP-FMS_12  algo=NoLAT  seed=1  rep_makespan=402  rep_shortage=943.00  pareto_size=5  pareto_size_raw=5  dup=0  rank0=5  rank0_unique=5  evals=40000  time=10798.26s
[RUN 117/320] instance=WIP-FMS_12  algo=NoLAT  seed=5  rep_makespan=393  rep_shortage=948.00  pareto_size=2  pareto_size_raw=2  dup=0  rank0=2  rank0_unique=2  evals=40000  time=10819.70s
[RUN 118/320] instance=WIP-FMS_12  algo=NoLAT  seed=8  rep_makespan=399  rep_shortage=1033.00  pareto_size=7  pareto_size_raw=7  dup=0  rank0=7  rank0_unique=7  evals=40000  time=10843.31s
[RUN 119/320] instance=WIP-FMS_12  algo=NoLAT  seed=10  rep_makespan=399  rep_shortage=949.00  pareto_size=3  pareto_size_raw=3  dup=0  rank0=3  rank0_unique=3  evals=40000  time=10891.74s
[RUN 120/320] instance=WIP-FMS_12  algo=NoLAT  seed=6  rep_makespan=392  rep_shortage=967.00  pareto_size=4  pareto_size_raw=4  dup=0  rank0=4  rank0_unique=4  evals=40000  time=10984.24s
[RUN 121/320] instance=WIP-FMS_13  algo=NoLAT  seed=2  rep_makespan=297  rep_shortage=513.00  pareto_size=4  pareto_size_raw=4  dup=0  rank0=4  rank0_unique=4  evals=40000  time=8860.42s
[RUN 122/320] instance=WIP-FMS_13  algo=NoLAT  seed=4  rep_makespan=300  rep_shortage=572.00  pareto_size=4  pareto_size_raw=4  dup=0  rank0=4  rank0_unique=4  evals=40000  time=8810.20s
[RUN 123/320] instance=WIP-FMS_13  algo=NoLAT  seed=5  rep_makespan=291  rep_shortage=446.00  pareto_size=3  pareto_size_raw=3  dup=0  rank0=3  rank0_unique=3  evals=40000  time=8845.87s
[RUN 124/320] instance=WIP-FMS_13  algo=NoLAT  seed=1  rep_makespan=299  rep_shortage=530.00  pareto_size=2  pareto_size_raw=2  dup=0  rank0=2  rank0_unique=2  evals=40000  time=8964.51s
[RUN 125/320] instance=WIP-FMS_13  algo=NoLAT  seed=3  rep_makespan=301  rep_shortage=612.00  pareto_size=3  pareto_size_raw=3  dup=0  rank0=3  rank0_unique=3  evals=40000  time=8955.25s
[RUN 126/320] instance=WIP-FMS_13  algo=NoLAT  seed=6  rep_makespan=302  rep_shortage=569.00  pareto_size=3  pareto_size_raw=3  dup=0  rank0=3  rank0_unique=3  evals=40000  time=8928.37s
[RUN 127/320] instance=WIP-FMS_13  algo=NoLAT  seed=8  rep_makespan=296  rep_shortage=553.00  pareto_size=3  pareto_size_raw=3  dup=0  rank0=3  rank0_unique=3  evals=40000  time=8959.34s
[RUN 128/320] instance=WIP-FMS_13  algo=NoLAT  seed=7  rep_makespan=305  rep_shortage=590.00  pareto_size=5  pareto_size_raw=5  dup=0  rank0=5  rank0_unique=5  evals=40000  time=8993.86s
[RUN 129/320] instance=WIP-FMS_13  algo=NoLAT  seed=10  rep_makespan=306  rep_shortage=560.00  pareto_size=3  pareto_size_raw=3  dup=0  rank0=3  rank0_unique=3  evals=40000  time=8941.02s
[RUN 130/320] instance=WIP-FMS_13  algo=NoLAT  seed=9  rep_makespan=305  rep_shortage=585.00  pareto_size=3  pareto_size_raw=3  dup=0  rank0=3  rank0_unique=3  evals=40000  time=9034.42s
[RUN 131/320] instance=WIP-FMS_14  algo=NoLAT  seed=2  rep_makespan=347  rep_shortage=761.00  pareto_size=5  pareto_size_raw=5  dup=0  rank0=5  rank0_unique=5  evals=40000  time=9812.37s
[RUN 132/320] instance=WIP-FMS_14  algo=NoLAT  seed=1  rep_makespan=342  rep_shortage=772.00  pareto_size=2  pareto_size_raw=2  dup=0  rank0=2  rank0_unique=2  evals=40000  time=9846.87s
[RUN 133/320] instance=WIP-FMS_14  algo=NoLAT  seed=4  rep_makespan=342  rep_shortage=736.00  pareto_size=2  pareto_size_raw=2  dup=0  rank0=2  rank0_unique=2  evals=40000  time=9876.95s
[RUN 134/320] instance=WIP-FMS_14  algo=NoLAT  seed=6  rep_makespan=368  rep_shortage=721.00  pareto_size=4  pareto_size_raw=4  dup=0  rank0=4  rank0_unique=4  evals=40000  time=9888.51s
[RUN 135/320] instance=WIP-FMS_14  algo=NoLAT  seed=5  rep_makespan=344  rep_shortage=715.00  pareto_size=2  pareto_size_raw=2  dup=0  rank0=2  rank0_unique=2  evals=40000  time=9920.57s
[RUN 136/320] instance=WIP-FMS_14  algo=NoLAT  seed=3  rep_makespan=361  rep_shortage=754.00  pareto_size=3  pareto_size_raw=3  dup=0  rank0=3  rank0_unique=3  evals=40000  time=9931.40s
[RUN 137/320] instance=WIP-FMS_14  algo=NoLAT  seed=8  rep_makespan=347  rep_shortage=732.00  pareto_size=3  pareto_size_raw=3  dup=0  rank0=3  rank0_unique=3  evals=40000  time=9829.91s
[RUN 138/320] instance=WIP-FMS_14  algo=NoLAT  seed=7  rep_makespan=344  rep_shortage=780.00  pareto_size=6  pareto_size_raw=6  dup=0  rank0=6  rank0_unique=6  evals=40000  time=9969.96s
[RUN 139/320] instance=WIP-FMS_14  algo=NoLAT  seed=9  rep_makespan=357  rep_shortage=726.00  pareto_size=5  pareto_size_raw=5  dup=0  rank0=5  rank0_unique=5  evals=40000  time=9959.86s
[RUN 140/320] instance=WIP-FMS_14  algo=NoLAT  seed=10  rep_makespan=355  rep_shortage=710.00  pareto_size=3  pareto_size_raw=3  dup=0  rank0=3  rank0_unique=3  evals=40000  time=9912.76s
[RUN 141/320] instance=WIP-FMS_15  algo=EMTGLocalGAV2  seed=1  rep_makespan=423  rep_shortage=761.00  pareto_size=3  pareto_size_raw=3  dup=0  rank0=3  rank0_unique=3  evals=40000  time=10624.42s
[RUN 142/320] instance=WIP-FMS_15  algo=EMTGLocalGAV2  seed=2  rep_makespan=419  rep_shortage=785.00  pareto_size=5  pareto_size_raw=6  dup=1  rank0=6  rank0_unique=5  evals=40000  time=10776.50s
[RUN 143/320] instance=WIP-FMS_15  algo=EMTGLocalGAV2  seed=4  rep_makespan=412  rep_shortage=629.00  pareto_size=4  pareto_size_raw=4  dup=0  rank0=4  rank0_unique=4  evals=40000  time=10707.07s
[RUN 144/320] instance=WIP-FMS_15  algo=EMTGLocalGAV2  seed=9  rep_makespan=424  rep_shortage=939.00  pareto_size=7  pareto_size_raw=9  dup=2  rank0=9  rank0_unique=7  evals=40000  time=10697.01s
[RUN 145/320] instance=WIP-FMS_15  algo=EMTGLocalGAV2  seed=5  rep_makespan=426  rep_shortage=800.00  pareto_size=6  pareto_size_raw=6  dup=0  rank0=6  rank0_unique=6  evals=40000  time=10804.68s
[RUN 146/320] instance=WIP-FMS_15  algo=EMTGLocalGAV2  seed=3  rep_makespan=421  rep_shortage=980.00  pareto_size=9  pareto_size_raw=11  dup=2  rank0=11  rank0_unique=9  evals=40000  time=10925.11s
[RUN 147/320] instance=WIP-FMS_15  algo=EMTGLocalGAV2  seed=6  rep_makespan=426  rep_shortage=699.00  pareto_size=5  pareto_size_raw=6  dup=1  rank0=6  rank0_unique=5  evals=40000  time=10830.31s
[RUN 148/320] instance=WIP-FMS_15  algo=EMTGLocalGAV2  seed=10  rep_makespan=419  rep_shortage=742.00  pareto_size=4  pareto_size_raw=5  dup=1  rank0=5  rank0_unique=4  evals=40000  time=10682.74s
[RUN 149/320] instance=WIP-FMS_15  algo=EMTGLocalGAV2  seed=8  rep_makespan=433  rep_shortage=596.00  pareto_size=5  pareto_size_raw=7  dup=2  rank0=7  rank0_unique=5  evals=40000  time=10812.67s
[RUN 150/320] instance=WIP-FMS_15  algo=EMTGLocalGAV2  seed=7  rep_makespan=421  rep_shortage=757.00  pareto_size=3  pareto_size_raw=3  dup=0  rank0=3  rank0_unique=3  evals=40000  time=10852.06s
[RUN 151/320] instance=WIP-FMS_15  algo=NoGAT  seed=2  rep_makespan=420  rep_shortage=631.00  pareto_size=5  pareto_size_raw=5  dup=0  rank0=5  rank0_unique=5  evals=40000  time=10666.29s
[RUN 152/320] instance=WIP-FMS_15  algo=NoGAT  seed=1  rep_makespan=429  rep_shortage=780.00  pareto_size=6  pareto_size_raw=6  dup=0  rank0=6  rank0_unique=6  evals=40000  time=10781.17s
[RUN 153/320] instance=WIP-FMS_15  algo=NoGAT  seed=3  rep_makespan=426  rep_shortage=771.00  pareto_size=5  pareto_size_raw=5  dup=0  rank0=5  rank0_unique=5  evals=40000  time=10705.42s
[RUN 154/320] instance=WIP-FMS_15  algo=NoGAT  seed=7  rep_makespan=429  rep_shortage=634.00  pareto_size=5  pareto_size_raw=5  dup=0  rank0=5  rank0_unique=5  evals=40000  time=10740.12s
[RUN 155/320] instance=WIP-FMS_15  algo=NoGAT  seed=8  rep_makespan=424  rep_shortage=648.00  pareto_size=2  pareto_size_raw=2  dup=0  rank0=2  rank0_unique=2  evals=40000  time=10651.14s
[RUN 156/320] instance=WIP-FMS_15  algo=NoGAT  seed=4  rep_makespan=430  rep_shortage=824.00  pareto_size=6  pareto_size_raw=6  dup=0  rank0=6  rank0_unique=6  evals=40000  time=10787.72s
[RUN 157/320] instance=WIP-FMS_15  algo=NoGAT  seed=6  rep_makespan=425  rep_shortage=944.00  pareto_size=5  pareto_size_raw=5  dup=0  rank0=5  rank0_unique=5  evals=40000  time=10823.79s
[RUN 158/320] instance=WIP-FMS_15  algo=NoGAT  seed=5  rep_makespan=434  rep_shortage=777.00  pareto_size=11  pareto_size_raw=11  dup=0  rank0=11  rank0_unique=11  evals=40000  time=10841.26s
[RUN 159/320] instance=WIP-FMS_15  algo=NoGAT  seed=9  rep_makespan=418  rep_shortage=813.00  pareto_size=4  pareto_size_raw=4  dup=0  rank0=4  rank0_unique=4  evals=40000  time=10718.56s
[RUN 160/320] instance=WIP-FMS_15  algo=NoGAT  seed=10  rep_makespan=415  rep_shortage=778.00  pareto_size=4  pareto_size_raw=4  dup=0  rank0=4  rank0_unique=4  evals=40000  time=10756.89s
[RUN 161/320] instance=WIP-FMS_15  algo=NoLAT  seed=1  rep_makespan=415  rep_shortage=994.00  pareto_size=8  pareto_size_raw=8  dup=0  rank0=8  rank0_unique=8  evals=40000  time=10903.83s
[RUN 162/320] instance=WIP-FMS_15  algo=NoLAT  seed=3  rep_makespan=438  rep_shortage=997.00  pareto_size=6  pareto_size_raw=6  dup=0  rank0=6  rank0_unique=6  evals=40000  time=10808.66s
[RUN 163/320] instance=WIP-FMS_15  algo=NoLAT  seed=5  rep_makespan=436  rep_shortage=942.00  pareto_size=4  pareto_size_raw=4  dup=0  rank0=4  rank0_unique=4  evals=40000  time=10720.92s
[RUN 164/320] instance=WIP-FMS_15  algo=NoLAT  seed=2  rep_makespan=429  rep_shortage=1018.00  pareto_size=4  pareto_size_raw=4  dup=0  rank0=4  rank0_unique=4  evals=40000  time=10970.11s
[RUN 165/320] instance=WIP-FMS_15  algo=NoLAT  seed=7  rep_makespan=425  rep_shortage=872.00  pareto_size=5  pareto_size_raw=5  dup=0  rank0=5  rank0_unique=5  evals=40000  time=10760.17s
[RUN 166/320] instance=WIP-FMS_15  algo=NoLAT  seed=9  rep_makespan=422  rep_shortage=945.00  pareto_size=3  pareto_size_raw=3  dup=0  rank0=3  rank0_unique=3  evals=40000  time=10718.90s
[RUN 167/320] instance=WIP-FMS_15  algo=NoLAT  seed=4  rep_makespan=437  rep_shortage=901.00  pareto_size=5  pareto_size_raw=5  dup=0  rank0=5  rank0_unique=5  evals=40000  time=10855.38s
[RUN 168/320] instance=WIP-FMS_15  algo=NoLAT  seed=6  rep_makespan=430  rep_shortage=856.00  pareto_size=6  pareto_size_raw=6  dup=0  rank0=6  rank0_unique=6  evals=40000  time=10919.34s
[RUN 169/320] instance=WIP-FMS_15  algo=NoLAT  seed=8  rep_makespan=432  rep_shortage=833.00  pareto_size=3  pareto_size_raw=3  dup=0  rank0=3  rank0_unique=3  evals=40000  time=10898.44s
[RUN 170/320] instance=WIP-FMS_15  algo=NoLAT  seed=10  rep_makespan=421  rep_shortage=797.00  pareto_size=1  pareto_size_raw=1  dup=0  rank0=1  rank0_unique=1  evals=40000  time=10927.18s
[RUN 171/320] instance=WIP-FMS_16  algo=EMTGLocalGAV2  seed=1  rep_makespan=447  rep_shortage=1028.00  pareto_size=3  pareto_size_raw=4  dup=1  rank0=4  rank0_unique=3  evals=40000  time=11598.38s
[RUN 172/320] instance=WIP-FMS_16  algo=EMTGLocalGAV2  seed=3  rep_makespan=467  rep_shortage=1074.00  pareto_size=5  pareto_size_raw=6  dup=1  rank0=6  rank0_unique=5  evals=40000  time=11799.34s
[RUN 173/320] instance=WIP-FMS_16  algo=EMTGLocalGAV2  seed=5  rep_makespan=454  rep_shortage=1034.00  pareto_size=3  pareto_size_raw=4  dup=1  rank0=4  rank0_unique=3  evals=40000  time=11711.55s
[RUN 174/320] instance=WIP-FMS_16  algo=EMTGLocalGAV2  seed=7  rep_makespan=446  rep_shortage=1008.00  pareto_size=2  pareto_size_raw=2  dup=0  rank0=2  rank0_unique=2  evals=40000  time=11645.69s
[RUN 175/320] instance=WIP-FMS_16  algo=EMTGLocalGAV2  seed=2  rep_makespan=456  rep_shortage=895.00  pareto_size=2  pareto_size_raw=3  dup=1  rank0=3  rank0_unique=2  evals=40000  time=11840.09s
[RUN 176/320] instance=WIP-FMS_16  algo=EMTGLocalGAV2  seed=4  rep_makespan=457  rep_shortage=945.00  pareto_size=2  pareto_size_raw=2  dup=0  rank0=2  rank0_unique=2  evals=40000  time=11786.11s
[RUN 177/320] instance=WIP-FMS_16  algo=EMTGLocalGAV2  seed=8  rep_makespan=455  rep_shortage=1150.00  pareto_size=6  pareto_size_raw=6  dup=0  rank0=6  rank0_unique=6  evals=40000  time=11734.61sProcess ForkPoolWorker-13:
Process ForkPoolWorker-5:
Process ForkPoolWorker-12:
Process ForkPoolWorker-8:
Process ForkPoolWorker-7:
Process ForkPoolWorker-9:
Process ForkPoolWorker-20:
Process ForkPoolWorker-15:
Process ForkPoolWorker-17:
Process ForkPoolWorker-19:
Process ForkPoolWorker-16:
Process ForkPoolWorker-4:
Process ForkPoolWorker-18:
Process ForkPoolWorker-6:
Process ForkPoolWorker-2:
Process ForkPoolWorker-10:
Process ForkPoolWorker-14:
Process ForkPoolWorker-11:
Process ForkPoolWorker-3:
Process ForkPoolWorker-1:

[RUN 178/320] instance=WIP-FMS_16  algo=EMTGLocalGAV2  seed=6  rep_makespan=459  rep_shortage=1092.00  pareto_size=2  pareto_size_raw=4  dup=2  rank0=4  rank0_unique=2  evals=40000  time=11822.71s
[RUN 179/320] instance=WIP-FMS_16  algo=EMTGLocalGAV2  seed=9  rep_makespan=451  rep_shortage=1033.00  pareto_size=2  pareto_size_raw=3  dup=1  rank0=3  rank0_unique=2  evals=40000  time=11730.55s
[RUN 180/320] instance=WIP-FMS_16  algo=EMTGLocalGAV2  seed=10  rep_makespan=452  rep_shortage=956.00  pareto_size=1  pareto_size_raw=2  dup=1  rank0=2  rank0_unique=1  evals=40000  time=11803.01s
[RUN 181/320] instance=WIP-FMS_16  algo=NoGAT  seed=1  rep_makespan=464  rep_shortage=1090.00  pareto_size=9  pareto_size_raw=9  dup=0  rank0=9  rank0_unique=9  evals=40000  time=11655.81s
[RUN 182/320] instance=WIP-FMS_16  algo=NoGAT  seed=2  rep_makespan=458  rep_shortage=938.00  pareto_size=2  pareto_size_raw=2  dup=0  rank0=2  rank0_unique=2  evals=40000  time=11715.99s
[RUN 183/320] instance=WIP-FMS_16  algo=NoGAT  seed=4  rep_makespan=461  rep_shortage=1061.00  pareto_size=8  pareto_size_raw=8  dup=0  rank0=8  rank0_unique=8  evals=40000  time=11657.09s
[RUN 184/320] instance=WIP-FMS_16  algo=NoGAT  seed=5  rep_makespan=451  rep_shortage=942.00  pareto_size=3  pareto_size_raw=3  dup=0  rank0=3  rank0_unique=3  evals=40000  time=11652.19s
[RUN 185/320] instance=WIP-FMS_16  algo=NoGAT  seed=6  rep_makespan=446  rep_shortage=1057.00  pareto_size=3  pareto_size_raw=3  dup=0  rank0=3  rank0_unique=3  evals=40000  time=11695.76s
[RUN 186/320] instance=WIP-FMS_16  algo=NoGAT  seed=3  rep_makespan=457  rep_shortage=968.00  pareto_size=2  pareto_size_raw=2  dup=0  rank0=2  rank0_unique=2  evals=40000  time=11802.20s
[RUN 187/320] instance=WIP-FMS_16  algo=NoGAT  seed=9  rep_makespan=459  rep_shortage=1014.00  pareto_size=2  pareto_size_raw=2  dup=0  rank0=2  rank0_unique=2  evals=40000  time=11558.12s
[RUN 188/320] instance=WIP-FMS_16  algo=NoGAT  seed=8  rep_makespan=451  rep_shortage=1040.00  pareto_size=1  pareto_size_raw=1  dup=0  rank0=1  rank0_unique=1  evals=40000  time=11660.24s
[RUN 189/320] instance=WIP-FMS_16  algo=NoGAT  seed=7  rep_makespan=456  rep_shortage=1170.00  pareto_size=6  pareto_size_raw=6  dup=0  rank0=6  rank0_unique=6  evals=40000  time=11791.17s
[RUN 190/320] instance=WIP-FMS_16  algo=NoGAT  seed=10  rep_makespan=457  rep_shortage=1062.00  pareto_size=4  pareto_size_raw=4  dup=0  rank0=4  rank0_unique=4  evals=40000  time=11710.08s
[RUN 191/320] instance=WIP-FMS_16  algo=NoLAT  seed=1  rep_makespan=465  rep_shortage=1215.00  pareto_size=5  pareto_size_raw=5  dup=0  rank0=5  rank0_unique=5  evals=40000  time=11812.70s
[RUN 192/320] instance=WIP-FMS_16  algo=NoLAT  seed=2  rep_makespan=466  rep_shortage=1235.00  pareto_size=3  pareto_size_raw=3  dup=0  rank0=3  rank0_unique=3  evals=40000  time=11798.19s
[RUN 193/320] instance=WIP-FMS_16  algo=NoLAT  seed=5  rep_makespan=456  rep_shortage=1279.00  pareto_size=4  pareto_size_raw=4  dup=0  rank0=4  rank0_unique=4  evals=40000  time=11860.15s
[RUN 194/320] instance=WIP-FMS_16  algo=NoLAT  seed=4  rep_makespan=459  rep_shortage=1319.00  pareto_size=5  pareto_size_raw=5  dup=0  rank0=5  rank0_unique=5  evals=40000  time=11908.34s
[RUN 195/320] instance=WIP-FMS_16  algo=NoLAT  seed=6  rep_makespan=455  rep_shortage=1247.00  pareto_size=6  pareto_size_raw=6  dup=0  rank0=6  rank0_unique=6  evals=40000  time=11876.03s
[RUN 196/320] instance=WIP-FMS_16  algo=NoLAT  seed=8  rep_makespan=456  rep_shortage=1274.00  pareto_size=3  pareto_size_raw=3  dup=0  rank0=3  rank0_unique=3  evals=40000  time=11826.27s
[RUN 197/320] instance=WIP-FMS_16  algo=NoLAT  seed=3  rep_makespan=476  rep_shortage=1291.00  pareto_size=5  pareto_size_raw=5  dup=0  rank0=5  rank0_unique=5  evals=40000  time=11974.77s
[RUN 198/320] instance=WIP-FMS_16  algo=NoLAT  seed=7  rep_makespan=463  rep_shortage=1267.00  pareto_size=2  pareto_size_raw=2  dup=0  rank0=2  rank0_unique=2  evals=40000  time=11945.15s
[RUN 199/320] instance=WIP-FMS_16  algo=NoLAT  seed=9  rep_makespan=465  rep_shortage=1255.00  pareto_size=2  pareto_size_raw=2  dup=0  rank0=2  rank0_unique=2  evals=40000  time=11890.35s
[RUN 200/320] instance=WIP-FMS_16  algo=NoLAT  seed=10  rep_makespan=469  rep_shortage=1279.00  pareto_size=3  pareto_size_raw=3  dup=0  rank0=3  rank0_unique=3  evals=40000  time=11824.59s
[RUN 201/320] instance=WIP-FMS_17  algo=EMTGLocalGAV2  seed=3  rep_makespan=425  rep_shortage=643.00  pareto_size=4  pareto_size_raw=5  dup=1  rank0=5  rank0_unique=4  evals=40000  time=12118.32s
[RUN 202/320] instance=WIP-FMS_17  algo=EMTGLocalGAV2  seed=7  rep_makespan=411  rep_shortage=629.00  pareto_size=4  pareto_size_raw=6  dup=2  rank0=6  rank0_unique=4  evals=40000  time=12206.38s
[RUN 203/320] instance=WIP-FMS_17  algo=EMTGLocalGAV2  seed=8  rep_makespan=414  rep_shortage=586.00  pareto_size=4  pareto_size_raw=4  dup=0  rank0=4  rank0_unique=4  evals=40000  time=12353.43s
Traceback (most recent call last):
  File "/home/ssczl/miniconda3/envs/myproject/lib/python3.12/multiprocessing/pool.py", line 856, in next
    item = self._items.popleft()
           ^^^^^^^^^^^^^^^^^^^^^
IndexError: pop from an empty deque

During handling of the above exception, another exception occurred:

Traceback (most recent call last):
  File "/home/ssczl/projects/WIP-aware/experiments/run_compare_experiments.py", line 576, in <module>
    run_experiments()
  File "/home/ssczl/projects/WIP-aware/experiments/run_compare_experiments.py", line 533, in run_experiments
    for res in pool.imap_unordered(worker, tasks):
               ^^^^^^^^^^^^^^^^^^^^^^^^^^^^^^^^^^
  File "/home/ssczl/miniconda3/envs/myproject/lib/python3.12/multiprocessing/pool.py", line 861, in next
    self._cond.wait(timeout)
  File "/home/ssczl/miniconda3/envs/myproject/lib/python3.12/threading.py", line 355, in wait
    waiter.acquire()
KeyboardInterrupt
